# JRE version: OpenJDK Runtime Environment Temurin-21.0.11+10 (21.0.11+10) (build 21.0.11+10-LTS)
# Java VM: OpenJDK 64-Bit Server VM Temurin-21.0.11+10 (21.0.11+10-LTS, mixed mode, sharing, tiered, compressed oops, compressed class ptrs, parallel gc, windows-amd64)
GC Precious Log:
 CardTable entry size: 512
 CPUs: 8 total, 8 available
 Memory: 8113M
 Large Page Support: Disabled
 NUMA Support: Disabled
 Compressed Oops: Enabled (32-bit)
 Alignments: Space 512K, Generation 512K, Heap 2M
 Heap Min Capacity: 100M
 Heap Initial Capacity: 100M
 Heap Max Capacity: 2G
 Pre-touch: Disabled
 Parallel Workers: 8
Heap:
 PSYoungGen      total 5632K, used 1540K [0x00000000d5580000, 0x00000000d5c00000, 0x0000000100000000)
  eden space 4608K, 16% used [0x00000000d5580000,0x00000000d5642f58,0x00000000d5a00000)
  from space 1024K, 74% used [0x00000000d5b00000,0x00000000d5bbe430,0x00000000d5c00000)
  to   space 1024K, 0% used [0x00000000d5a00000,0x00000000d5a00000,0x00000000d5b00000)
 ParOldGen       total 707584K, used 707113K [0x0000000080000000, 0x00000000ab300000, 0x00000000d5580000)
  object space 707584K, 99% used [0x0000000080000000,0x00000000ab28a698,0x00000000ab300000)
 Metaspace       used 96998K, committed 99072K, reserved 1179648K
  class space    used 11545K, committed 12480K, reserved 1048576K
GC Heap History (20 events):
Event: 181.167 GC heap before
{Heap before GC invocations=834 (full 4):
 PSYoungGen      total 4608K, used 4284K [0x00000000d5580000, 0x00000000d5c00000, 0x0000000100000000)
  eden space 3072K, 100% used [0x00000000d5580000,0x00000000d5880000,0x00000000d5880000)
  from space 1536K, 78% used [0x00000000d5a80000,0x00000000d5baf190,0x00000000d5c00000)
  to   space 1536K, 0% used [0x00000000d5900000,0x00000000d5900000,0x00000000d5a80000)
 ParOldGen       total 700928K, used 700472K [0x0000000080000000, 0x00000000aac80000, 0x00000000d5580000)
  object space 700928K, 99% used [0x0000000080000000,0x00000000aac0e3d8,0x00000000aac80000)
 Metaspace       used 95603K, committed 97600K, reserved 1179648K
  class space    used 11405K, committed 12288K, reserved 1048576K
}
Event: 181.171 GC heap after
{Heap after GC invocations=834 (full 4):
 PSYoungGen      total 5120K, used 1516K [0x00000000d5580000, 0x00000000d5f80000, 0x0000000100000000)
  eden space 3584K, 0% used [0x00000000d5580000,0x00000000d5580000,0x00000000d5900000)
  from space 1536K, 98% used [0x00000000d5900000,0x00000000d5a7b120,0x00000000d5a80000)
  to   space 3072K, 0% used [0x00000000d5c80000,0x00000000d5c80000,0x00000000d5f80000)
 ParOldGen       total 701952K, used 701504K [0x0000000080000000, 0x00000000aad80000, 0x00000000d5580000)
  object space 701952K, 99% used [0x0000000080000000,0x00000000aad103d8,0x00000000aad80000)
 Metaspace       used 95603K, committed 97600K, reserved 1179648K
  class space    used 11405K, committed 12288K, reserved 1048576K
}
Event: 181.193 GC heap before
{Heap before GC invocations=835 (full 4):
 PSYoungGen      total 5120K, used 5100K [0x00000000d5580000, 0x00000000d5f80000, 0x0000000100000000)
  eden space 3584K, 100% used [0x00000000d5580000,0x00000000d5900000,0x00000000d5900000)
  from space 1536K, 98% used [0x00000000d5900000,0x00000000d5a7b120,0x00000000d5a80000)
  to   space 3072K, 0% used [0x00000000d5c80000,0x00000000d5c80000,0x00000000d5f80000)
 ParOldGen       total 701952K, used 701504K [0x0000000080000000, 0x00000000aad80000, 0x00000000d5580000)
  object space 701952K, 99% used [0x0000000080000000,0x00000000aad103d8,0x00000000aad80000)
 Metaspace       used 95733K, committed 97728K, reserved 1179648K
  class space    used 11419K, committed 12288K, reserved 1048576K
}
Event: 181.197 GC heap after
{Heap after GC invocations=835 (full 4):
 PSYoungGen      total 7168K, used 1856K [0x00000000d5580000, 0x00000000d5f00000, 0x0000000100000000)
  eden space 4608K, 0% used [0x00000000d5580000,0x00000000d5580000,0x00000000d5a00000)
  from space 2560K, 72% used [0x00000000d5c80000,0x00000000d5e50000,0x00000000d5f00000)
  to   space 2560K, 0% used [0x00000000d5a00000,0x00000000d5a00000,0x00000000d5c80000)
 ParOldGen       total 702976K, used 702912K [0x0000000080000000, 0x00000000aae80000, 0x00000000d5580000)
  object space 702976K, 99% used [0x0000000080000000,0x00000000aae703d8,0x00000000aae80000)
 Metaspace       used 95733K, committed 97728K, reserved 1179648K
  class space    used 11419K, committed 12288K, reserved 1048576K
}
Event: 181.286 GC heap before
{Heap before GC invocations=836 (full 4):
 PSYoungGen      total 7168K, used 6451K [0x00000000d5580000, 0x00000000d5f00000, 0x0000000100000000)
  eden space 4608K, 99% used [0x00000000d5580000,0x00000000d59fcff8,0x00000000d5a00000)
  from space 2560K, 72% used [0x00000000d5c80000,0x00000000d5e50000,0x00000000d5f00000)
  to   space 2560K, 0% used [0x00000000d5a00000,0x00000000d5a00000,0x00000000d5c80000)
 ParOldGen       total 702976K, used 702912K [0x0000000080000000, 0x00000000aae80000, 0x00000000d5580000)
  object space 702976K, 99% used [0x0000000080000000,0x00000000aae703d8,0x00000000aae80000)
 Metaspace       used 96138K, committed 98112K, reserved 1179648K
  class space    used 11459K, committed 12352K, reserved 1048576K
}
Event: 181.289 GC heap after
{Heap after GC invocations=836 (full 4):
 PSYoungGen      total 7168K, used 672K [0x00000000d5580000, 0x00000000d5e00000, 0x0000000100000000)
  eden space 4608K, 0% used [0x00000000d5580000,0x00000000d5580000,0x00000000d5a00000)
  from space 2560K, 26% used [0x00000000d5a00000,0x00000000d5aa8000,0x00000000d5c80000)
  to   space 1536K, 0% used [0x00000000d5c80000,0x00000000d5c80000,0x00000000d5e00000)
 ParOldGen       total 704512K, used 704184K [0x0000000080000000, 0x00000000ab000000, 0x00000000d5580000)
  object space 704512K, 99% used [0x0000000080000000,0x00000000aafae3d8,0x00000000ab000000)
 Metaspace       used 96138K, committed 98112K, reserved 1179648K
  class space    used 11459K, committed 12352K, reserved 1048576K
}
Event: 181.328 GC heap before
{Heap before GC invocations=837 (full 4):
 PSYoungGen      total 7168K, used 5280K [0x00000000d5580000, 0x00000000d5e00000, 0x0000000100000000)
  eden space 4608K, 100% used [0x00000000d5580000,0x00000000d5a00000,0x00000000d5a00000)
  from space 2560K, 26% used [0x00000000d5a00000,0x00000000d5aa8000,0x00000000d5c80000)
  to   space 1536K, 0% used [0x00000000d5c80000,0x00000000d5c80000,0x00000000d5e00000)
 ParOldGen       total 704512K, used 704184K [0x0000000080000000, 0x00000000ab000000, 0x00000000d5580000)
  object space 704512K, 99% used [0x0000000080000000,0x00000000aafae3d8,0x00000000ab000000)
 Metaspace       used 96420K, committed 98432K, reserved 1179648K
  class space    used 11500K, committed 12416K, reserved 1048576K
}
Event: 181.330 GC heap after
{Heap after GC invocations=837 (full 4):
 PSYoungGen      total 6144K, used 1096K [0x00000000d5580000, 0x00000000d5e00000, 0x0000000100000000)
  eden space 4608K, 0% used [0x00000000d5580000,0x00000000d5580000,0x00000000d5a00000)
  from space 1536K, 71% used [0x00000000d5c80000,0x00000000d5d92378,0x00000000d5e00000)
  to   space 1536K, 0% used [0x00000000d5b00000,0x00000000d5b00000,0x00000000d5c80000)
 ParOldGen       total 705024K, used 704752K [0x0000000080000000, 0x00000000ab080000, 0x00000000d5580000)
  object space 705024K, 99% used [0x0000000080000000,0x00000000ab03c3d8,0x00000000ab080000)
 Metaspace       used 96420K, committed 98432K, reserved 1179648K
  class space    used 11500K, committed 12416K, reserved 1048576K
}
Event: 181.359 GC heap before
{Heap before GC invocations=838 (full 4):
 PSYoungGen      total 6144K, used 5704K [0x00000000d5580000, 0x00000000d5e00000, 0x0000000100000000)
  eden space 4608K, 100% used [0x00000000d5580000,0x00000000d5a00000,0x00000000d5a00000)
  from space 1536K, 71% used [0x00000000d5c80000,0x00000000d5d92378,0x00000000d5e00000)
  to   space 1536K, 0% used [0x00000000d5b00000,0x00000000d5b00000,0x00000000d5c80000)
 ParOldGen       total 705024K, used 704752K [0x0000000080000000, 0x00000000ab080000, 0x00000000d5580000)
  object space 705024K, 99% used [0x0000000080000000,0x00000000ab03c3d8,0x00000000ab080000)
 Metaspace       used 96667K, committed 98688K, reserved 1179648K
  class space    used 11519K, committed 12416K, reserved 1048576K
}
Event: 181.363 GC heap after
{Heap after GC invocations=838 (full 4):
 PSYoungGen      total 5120K, used 192K [0x00000000d5580000, 0x00000000d5d00000, 0x0000000100000000)
  eden space 4608K, 0% used [0x00000000d5580000,0x00000000d5580000,0x00000000d5a00000)
  from space 512K, 37% used [0x00000000d5b00000,0x00000000d5b30000,0x00000000d5b80000)
  to   space 1024K, 0% used [0x00000000d5c00000,0x00000000d5c00000,0x00000000d5d00000)
 ParOldGen       total 705024K, used 704936K [0x0000000080000000, 0x00000000ab080000, 0x00000000d5580000)
  object space 705024K, 99% used [0x0000000080000000,0x00000000ab06a3f8,0x00000000ab080000)
 Metaspace       used 96667K, committed 98688K, reserved 1179648K
  class space    used 11519K, committed 12416K, reserved 1048576K
}
Event: 183.174 GC heap before
{Heap before GC invocations=839 (full 4):
 PSYoungGen      total 5120K, used 4800K [0x00000000d5580000, 0x00000000d5d00000, 0x0000000100000000)
  eden space 4608K, 100% used [0x00000000d5580000,0x00000000d5a00000,0x00000000d5a00000)
  from space 512K, 37% used [0x00000000d5b00000,0x00000000d5b30000,0x00000000d5b80000)
  to   space 1024K, 0% used [0x00000000d5c00000,0x00000000d5c00000,0x00000000d5d00000)
 ParOldGen       total 705024K, used 704936K [0x0000000080000000, 0x00000000ab080000, 0x00000000d5580000)
  object space 705024K, 99% used [0x0000000080000000,0x00000000ab06a3f8,0x00000000ab080000)
 Metaspace       used 96803K, committed 98880K, reserved 1179648K
  class space    used 11533K, committed 12480K, reserved 1048576K
}
Event: 183.177 GC heap after
{Heap after GC invocations=839 (full 4):
 PSYoungGen      total 5120K, used 352K [0x00000000d5580000, 0x00000000d5c80000, 0x0000000100000000)
  eden space 4608K, 0% used [0x00000000d5580000,0x00000000d5580000,0x00000000d5a00000)
  from space 512K, 68% used [0x00000000d5c00000,0x00000000d5c58000,0x00000000d5c80000)
  to   space 512K, 0% used [0x00000000d5b00000,0x00000000d5b00000,0x00000000d5b80000)
 ParOldGen       total 705536K, used 705032K [0x0000000080000000, 0x00000000ab100000, 0x00000000d5580000)
  object space 705536K, 99% used [0x0000000080000000,0x00000000ab0823f8,0x00000000ab100000)
 Metaspace       used 96803K, committed 98880K, reserved 1179648K
  class space    used 11533K, committed 12480K, reserved 1048576K
}
Event: 183.192 GC heap before
{Heap before GC invocations=840 (full 4):
 PSYoungGen      total 5120K, used 4958K [0x00000000d5580000, 0x00000000d5c80000, 0x0000000100000000)
  eden space 4608K, 99% used [0x00000000d5580000,0x00000000d59ff838,0x00000000d5a00000)
  from space 512K, 68% used [0x00000000d5c00000,0x00000000d5c58000,0x00000000d5c80000)
  to   space 512K, 0% used [0x00000000d5b00000,0x00000000d5b00000,0x00000000d5b80000)
 ParOldGen       total 705536K, used 705032K [0x0000000080000000, 0x00000000ab100000, 0x00000000d5580000)
  object space 705536K, 99% used [0x0000000080000000,0x00000000ab0823f8,0x00000000ab100000)
 Metaspace       used 96808K, committed 98880K, reserved 1179648K
  class space    used 11533K, committed 12480K, reserved 1048576K
}
Event: 183.195 GC heap after
{Heap after GC invocations=840 (full 4):
 PSYoungGen      total 5120K, used 484K [0x00000000d5580000, 0x00000000d5d00000, 0x0000000100000000)
  eden space 4608K, 0% used [0x00000000d5580000,0x00000000d5580000,0x00000000d5a00000)
  from space 512K, 94% used [0x00000000d5b00000,0x00000000d5b79230,0x00000000d5b80000)
  to   space 1536K, 0% used [0x00000000d5b80000,0x00000000d5b80000,0x00000000d5d00000)
 ParOldGen       total 706048K, used 705637K [0x0000000080000000, 0x00000000ab180000, 0x00000000d5580000)
  object space 706048K, 99% used [0x0000000080000000,0x00000000ab119608,0x00000000ab180000)
 Metaspace       used 96808K, committed 98880K, reserved 1179648K
  class space    used 11533K, committed 12480K, reserved 1048576K
}
Event: 183.236 GC heap before
{Heap before GC invocations=841 (full 4):
 PSYoungGen      total 5120K, used 5092K [0x00000000d5580000, 0x00000000d5d00000, 0x0000000100000000)
  eden space 4608K, 100% used [0x00000000d5580000,0x00000000d5a00000,0x00000000d5a00000)
  from space 512K, 94% used [0x00000000d5b00000,0x00000000d5b79230,0x00000000d5b80000)
  to   space 1536K, 0% used [0x00000000d5b80000,0x00000000d5b80000,0x00000000d5d00000)
 ParOldGen       total 706048K, used 705637K [0x0000000080000000, 0x00000000ab180000, 0x00000000d5580000)
  object space 706048K, 99% used [0x0000000080000000,0x00000000ab119608,0x00000000ab180000)
 Metaspace       used 96850K, committed 98880K, reserved 1179648K
  class space    used 11535K, committed 12480K, reserved 1048576K
}
Event: 183.240 GC heap after
{Heap after GC invocations=841 (full 4):
 PSYoungGen      total 6144K, used 1379K [0x00000000d5580000, 0x00000000d5d00000, 0x0000000100000000)
  eden space 4608K, 0% used [0x00000000d5580000,0x00000000d5580000,0x00000000d5a00000)
  from space 1536K, 89% used [0x00000000d5b80000,0x00000000d5cd8da0,0x00000000d5d00000)
  to   space 1536K, 0% used [0x00000000d5a00000,0x00000000d5a00000,0x00000000d5b80000)
 ParOldGen       total 706560K, used 706162K [0x0000000080000000, 0x00000000ab200000, 0x00000000d5580000)
  object space 706560K, 99% used [0x0000000080000000,0x00000000ab19c838,0x00000000ab200000)
 Metaspace       used 96850K, committed 98880K, reserved 1179648K
  class space    used 11535K, committed 12480K, reserved 1048576K
}
Event: 183.340 GC heap before
{Heap before GC invocations=842 (full 4):
 PSYoungGen      total 6144K, used 5987K [0x00000000d5580000, 0x00000000d5d00000, 0x0000000100000000)
  eden space 4608K, 100% used [0x00000000d5580000,0x00000000d5a00000,0x00000000d5a00000)
  from space 1536K, 89% used [0x00000000d5b80000,0x00000000d5cd8da0,0x00000000d5d00000)
  to   space 1536K, 0% used [0x00000000d5a00000,0x00000000d5a00000,0x00000000d5b80000)
 ParOldGen       total 706560K, used 706162K [0x0000000080000000, 0x00000000ab200000, 0x00000000d5580000)
  object space 706560K, 99% used [0x0000000080000000,0x00000000ab19c838,0x00000000ab200000)
 Metaspace       used 96943K, committed 99008K, reserved 1179648K
  class space    used 11544K, committed 12480K, reserved 1048576K
}
Event: 183.343 GC heap after
{Heap after GC invocations=842 (full 4):
 PSYoungGen      total 5632K, used 646K [0x00000000d5580000, 0x00000000d5c00000, 0x0000000100000000)
  eden space 4608K, 0% used [0x00000000d5580000,0x00000000d5580000,0x00000000d5a00000)
  from space 1024K, 63% used [0x00000000d5a00000,0x00000000d5aa1930,0x00000000d5b00000)
  to   space 1024K, 0% used [0x00000000d5b00000,0x00000000d5b00000,0x00000000d5c00000)
 ParOldGen       total 707072K, used 706602K [0x0000000080000000, 0x00000000ab280000, 0x00000000d5580000)
  object space 707072K, 99% used [0x0000000080000000,0x00000000ab20a838,0x00000000ab280000)
 Metaspace       used 96943K, committed 99008K, reserved 1179648K
  class space    used 11544K, committed 12480K, reserved 1048576K
}
Event: 183.577 GC heap before
{Heap before GC invocations=843 (full 4):
 PSYoungGen      total 5632K, used 5254K [0x00000000d5580000, 0x00000000d5c00000, 0x0000000100000000)
  eden space 4608K, 100% used [0x00000000d5580000,0x00000000d5a00000,0x00000000d5a00000)
  from space 1024K, 63% used [0x00000000d5a00000,0x00000000d5aa1930,0x00000000d5b00000)
  to   space 1024K, 0% used [0x00000000d5b00000,0x00000000d5b00000,0x00000000d5c00000)
 ParOldGen       total 707072K, used 706602K [0x0000000080000000, 0x00000000ab280000, 0x00000000d5580000)
  object space 707072K, 99% used [0x0000000080000000,0x00000000ab20a838,0x00000000ab280000)
 Metaspace       used 96988K, committed 99008K, reserved 1179648K
  class space    used 11545K, committed 12480K, reserved 1048576K
}
Event: 183.580 GC heap after
{Heap after GC invocations=843 (full 4):
 PSYoungGen      total 5632K, used 761K [0x00000000d5580000, 0x00000000d5c00000, 0x0000000100000000)
  eden space 4608K, 0% used [0x00000000d5580000,0x00000000d5580000,0x00000000d5a00000)
  from space 1024K, 74% used [0x00000000d5b00000,0x00000000d5bbe430,0x00000000d5c00000)
  to   space 1024K, 0% used [0x00000000d5a00000,0x00000000d5a00000,0x00000000d5b00000)
 ParOldGen       total 707584K, used 707113K [0x0000000080000000, 0x00000000ab300000, 0x00000000d5580000)
  object space 707584K, 99% used [0x0000000080000000,0x00000000ab28a698,0x00000000ab300000)
 Metaspace       used 96988K, committed 99008K, reserved 1179648K
  class space    used 11545K, committed 12480K, reserved 1048576K
}

